<?xml version="1.0" encoding="UTF-8"?>
<!-- Generated by org.testng.reporters.JUnitXMLReporter -->
<testsuite ignored="0" hostname="Raji" failures="0" tests="12" name="FreeCRMTestCases" time="179.367" errors="0" timestamp="2023-12-06T17:06:25 IST">
  <testcase classname="com.qa.testcases.LoginPageTest" name="LoginPageTitleTest" time="0.016"/>
  <testcase classname="com.qa.testcases.LoginPageTest" name="LoginButtonVisibilityTest" time="0.059"/>
  <testcase classname="com.qa.testcases.LoginPageTest" name="LoginTest" time="7.936"/>
  <testcase classname="com.qa.testcases.HomePageTest" name="PageTitleTest" time="0.01"/>
  <testcase classname="com.qa.testcases.HomePageTest" name="VerifyTheUsernameOnPage" time="2.208"/>
  <testcase classname="com.qa.testcases.HomePageTest" name="VerifyContactsPage" time="2.278"/>
  <testcase classname="com.qa.testcases.ContactsPageTest" name="vefiryContactsPageTitle" time="0.041"/>
  <testcase classname="com.qa.testcases.ContactsPageTest" name="SelectContactByName" time="1.109"/>
  <testcase classname="com.qa.testcases.ContactsPageTest" name="SelectContactByAllName" time="1.407"/>
  <testcase classname="com.qa.testcases.ContactsPageTest" name="CreatingNewContactOnContactPage" time="6.751"/>
  <testcase classname="com.qa.testcases.ContactsPageTest" name="CreatingNewContactOnContactPage" time="6.45"/>
  <testcase classname="com.qa.testcases.ContactsPageTest" name="CreatingNewContactOnContactPage" time="5.88"/>
</testsuite> <!-- FreeCRMTestCases -->
