<?xml version="1.0" encoding="UTF-8"?>
<!-- Generated by org.testng.reporters.JUnitXMLReporter -->
<testsuite ignored="0" hostname="Raji" failures="0" tests="12" name="Surefire test" time="188.719" errors="0" timestamp="2023-12-06T18:48:34 IST">
  <testcase classname="com.qa.testcases.ContactsPageTest" name="vefiryContactsPageTitle" time="0.084"/>
  <testcase classname="com.qa.testcases.ContactsPageTest" name="SelectContactByName" time="1.025"/>
  <testcase classname="com.qa.testcases.ContactsPageTest" name="SelectContactByAllName" time="1.662"/>
  <testcase classname="com.qa.testcases.ContactsPageTest" name="CreatingNewContactOnContactPage" time="8.031"/>
  <testcase classname="com.qa.testcases.ContactsPageTest" name="CreatingNewContactOnContactPage" time="8.004"/>
  <testcase classname="com.qa.testcases.ContactsPageTest" name="CreatingNewContactOnContactPage" time="8.051"/>
  <testcase classname="com.qa.testcases.HomePageTest" name="PageTitleTest" time="0.01"/>
  <testcase classname="com.qa.testcases.HomePageTest" name="VerifyTheUsernameOnPage" time="2.284"/>
  <testcase classname="com.qa.testcases.HomePageTest" name="VerifyContactsPage" time="2.322"/>
  <testcase classname="com.qa.testcases.LoginPageTest" name="LoginPageTitleTest" time="0.013"/>
  <testcase classname="com.qa.testcases.LoginPageTest" name="LoginButtonVisibilityTest" time="0.046"/>
  <testcase classname="com.qa.testcases.LoginPageTest" name="LoginTest" time="9.125"/>
</testsuite> <!-- Surefire test -->
