<?xml version="1.0" encoding="UTF-8"?>
<testsuite xmlns:xsi="http://www.w3.org/2001/XMLSchema-instance" xsi:noNamespaceSchemaLocation="https://maven.apache.org/surefire/maven-surefire-plugin/xsd/surefire-test-report-3.0.xsd" version="3.0" name="TestSuite" time="189.364" tests="12" errors="0" skipped="0" failures="0">
  <properties>
[...]
</properties>
  <testcase name="vefiryContactsPageTitle" classname="com.qa.testcases.ContactsPageTest" time="0.088">
    <system-err><![CDATA[SLF4J: Failed to load class "org.slf4j.impl.StaticLoggerBinder".
SLF4J: Defaulting to no-operation (NOP) logger implementation
SLF4J: See http://www.slf4j.org/codes.html#StaticLoggerBinder for further details.
]]></system-err>
  </testcase>
  <testcase name="SelectContactByName" classname="com.qa.testcases.ContactsPageTest" time="1.02"/>
  <testcase name="SelectContactByAllName" classname="com.qa.testcases.ContactsPageTest" time="1.655"/>
  <testcase name="CreatingNewContactOnContactPage[Raja , K, Rajak@mail.com, Kukatpally, Hyderabad, Telanagana, 500072, India](1)" classname="com.qa.testcases.ContactsPageTest" time="8.032">
    <system-err><![CDATA[ERROR StatusLogger Log4j2 could not find a logging implementation. Please add log4j-core to the classpath. Using SimpleLogger to log to the console...
]]></system-err>
  </testcase>
  <testcase name="CreatingNewContactOnContactPage[mom, K, Momk@mail.com, Kukatpally, Hyderabad, Telanagana, 500072, India](2)" classname="com.qa.testcases.ContactsPageTest" time="8.005"/>
  <testcase name="CreatingNewContactOnContactPage[chitti, b, chittib@mail.com, Kukatpally, Hyderabad, Telanagana, 500072, India](3)" classname="com.qa.testcases.ContactsPageTest" time="8.051"/>
  <testcase name="PageTitleTest" classname="com.qa.testcases.HomePageTest" time="0.01">
    <system-out><![CDATA[Tiltele of the Home Page is: Cogmento CRM
]]></system-out>
  </testcase>
  <testcase name="VerifyTheUsernameOnPage" classname="com.qa.testcases.HomePageTest" time="2.284"/>
  <testcase name="VerifyContactsPage" classname="com.qa.testcases.HomePageTest" time="2.322">
    <system-out><![CDATA[https://ui.cogmento.com/contacts
]]></system-out>
  </testcase>
  <testcase name="LoginPageTitleTest" classname="com.qa.testcases.LoginPageTest" time="0.008">
    <system-err><![CDATA[Dec 06, 2023 6:48:05 PM org.openqa.selenium.remote.http.WebSocket$Listener onError
WARNING: Connection reset
java.net.SocketException: Connection reset
	at java.base/sun.nio.ch.SocketChannelImpl.throwConnectionReset(SocketChannelImpl.java:394)
	at java.base/sun.nio.ch.SocketChannelImpl.read(SocketChannelImpl.java:426)
	at java.net.http/jdk.internal.net.http.SocketTube.readAvailable(SocketTube.java:1170)
	at java.net.http/jdk.internal.net.http.SocketTube$InternalReadPublisher$InternalReadSubscription.read(SocketTube.java:833)
	at java.net.http/jdk.internal.net.http.SocketTube$SocketFlowTask.run(SocketTube.java:181)
	at java.net.http/jdk.internal.net.http.common.SequentialScheduler$SchedulableTask.run(SequentialScheduler.java:230)
	at java.net.http/jdk.internal.net.http.common.SequentialScheduler.runOrSchedule(SequentialScheduler.java:303)
	at java.net.http/jdk.internal.net.http.common.SequentialScheduler.runOrSchedule(SequentialScheduler.java:256)
	at java.net.http/jdk.internal.net.http.SocketTube$InternalReadPublisher$InternalReadSubscription.signalReadable(SocketTube.java:774)
	at java.net.http/jdk.internal.net.http.SocketTube$InternalReadPublisher$ReadEvent.signalEvent(SocketTube.java:957)
	at java.net.http/jdk.internal.net.http.SocketTube$SocketFlowEvent.handle(SocketTube.java:253)
	at java.net.http/jdk.internal.net.http.HttpClientImpl$SelectorManager.handleEvent(HttpClientImpl.java:979)
	at java.net.http/jdk.internal.net.http.HttpClientImpl$SelectorManager.lambda$run$3(HttpClientImpl.java:934)
	at java.base/java.util.ArrayList.forEach(ArrayList.java:1511)
	at java.net.http/jdk.internal.net.http.HttpClientImpl$SelectorManager.run(HttpClientImpl.java:934)

]]></system-err>
  </testcase>
  <testcase name="LoginButtonVisibilityTest" classname="com.qa.testcases.LoginPageTest" time="0.044"/>
  <testcase name="LoginTest" classname="com.qa.testcases.LoginPageTest" time="9.124"/>
</testsuite>