<?xml version="1.0" encoding="UTF-8"?>
<testng-results ignored="0" total="12" passed="12" failed="0" skipped="0">
  <reporter-output>
  </reporter-output>
  <suite started-at="2023-12-06T18:45:26 IST" name="Surefire suite" finished-at="2023-12-06T18:48:34 IST" duration-ms="188719">
    <groups>
    </groups>
    <test started-at="2023-12-06T18:45:26 IST" name="Surefire test" finished-at="2023-12-06T18:48:34 IST" duration-ms="188719">
      <class name="com.qa.testcases.ContactsPageTest">
        <test-method is-config="true" signature="Setup()[pri:0, instance:com.qa.testcases.ContactsPageTest@5bfa9431]" started-at="2023-12-06T18:45:26 IST" name="Setup" finished-at="2023-12-06T18:45:40 IST" duration-ms="14747" status="PASS">
          <reporter-output>
          </reporter-output>
        </test-method> <!-- Setup -->
        <test-method signature="vefiryContactsPageTitle()[pri:1, instance:com.qa.testcases.ContactsPageTest@5bfa9431]" started-at="2023-12-06T18:45:40 IST" name="vefiryContactsPageTitle" finished-at="2023-12-06T18:45:41 IST" duration-ms="84" status="PASS">
          <reporter-output>
          </reporter-output>
        </test-method> <!-- vefiryContactsPageTitle -->
        <test-method is-config="true" signature="closetheBrowser()[pri:0, instance:com.qa.testcases.ContactsPageTest@5bfa9431]" started-at="2023-12-06T18:45:41 IST" name="closetheBrowser" finished-at="2023-12-06T18:45:41 IST" duration-ms="458" status="PASS">
          <reporter-output>
          </reporter-output>
        </test-method> <!-- closetheBrowser -->
        <test-method is-config="true" signature="Setup()[pri:0, instance:com.qa.testcases.ContactsPageTest@5bfa9431]" started-at="2023-12-06T18:45:41 IST" name="Setup" finished-at="2023-12-06T18:45:54 IST" duration-ms="13162" status="PASS">
          <reporter-output>
          </reporter-output>
        </test-method> <!-- Setup -->
        <test-method signature="SelectContactByName()[pri:2, instance:com.qa.testcases.ContactsPageTest@5bfa9431]" started-at="2023-12-06T18:45:54 IST" name="SelectContactByName" finished-at="2023-12-06T18:45:55 IST" duration-ms="1025" status="PASS">
          <reporter-output>
          </reporter-output>
        </test-method> <!-- SelectContactByName -->
        <test-method is-config="true" signature="closetheBrowser()[pri:0, instance:com.qa.testcases.ContactsPageTest@5bfa9431]" started-at="2023-12-06T18:45:55 IST" name="closetheBrowser" finished-at="2023-12-06T18:45:56 IST" duration-ms="558" status="PASS">
          <reporter-output>
          </reporter-output>
        </test-method> <!-- closetheBrowser -->
        <test-method is-config="true" signature="Setup()[pri:0, instance:com.qa.testcases.ContactsPageTest@5bfa9431]" started-at="2023-12-06T18:45:56 IST" name="Setup" finished-at="2023-12-06T18:46:09 IST" duration-ms="13485" status="PASS">
          <reporter-output>
          </reporter-output>
        </test-method> <!-- Setup -->
        <test-method signature="SelectContactByAllName()[pri:3, instance:com.qa.testcases.ContactsPageTest@5bfa9431]" started-at="2023-12-06T18:46:09 IST" name="SelectContactByAllName" finished-at="2023-12-06T18:46:11 IST" duration-ms="1662" status="PASS">
          <reporter-output>
          </reporter-output>
        </test-method> <!-- SelectContactByAllName -->
        <test-method is-config="true" signature="closetheBrowser()[pri:0, instance:com.qa.testcases.ContactsPageTest@5bfa9431]" started-at="2023-12-06T18:46:11 IST" name="closetheBrowser" finished-at="2023-12-06T18:46:11 IST" duration-ms="553" status="PASS">
          <reporter-output>
          </reporter-output>
        </test-method> <!-- closetheBrowser -->
        <test-method is-config="true" signature="Setup()[pri:0, instance:com.qa.testcases.ContactsPageTest@5bfa9431]" started-at="2023-12-06T18:46:12 IST" name="Setup" finished-at="2023-12-06T18:46:26 IST" duration-ms="13819" status="PASS">
          <reporter-output>
          </reporter-output>
        </test-method> <!-- Setup -->
        <test-method signature="CreatingNewContactOnContactPage(java.lang.String,java.lang.String,java.lang.String,java.lang.String,java.lang.String,java.lang.String,java.lang.String,java.lang.String)[pri:4, instance:com.qa.testcases.ContactsPageTest@5bfa9431]" started-at="2023-12-06T18:46:26 IST" name="CreatingNewContactOnContactPage" data-provider="getTestDataFromXL" finished-at="2023-12-06T18:46:34 IST" duration-ms="8031" status="PASS">
          <params>
            <param index="0">
              <value>
                <![CDATA[Raja ]]>
              </value>
            </param>
            <param index="1">
              <value>
                <![CDATA[K]]>
              </value>
            </param>
            <param index="2">
              <value>
                <![CDATA[Rajak@mail.com]]>
              </value>
            </param>
            <param index="3">
              <value>
                <![CDATA[Kukatpally]]>
              </value>
            </param>
            <param index="4">
              <value>
                <![CDATA[Hyderabad]]>
              </value>
            </param>
            <param index="5">
              <value>
                <![CDATA[Telanagana]]>
              </value>
            </param>
            <param index="6">
              <value>
                <![CDATA[500072]]>
              </value>
            </param>
            <param index="7">
              <value>
                <![CDATA[India]]>
              </value>
            </param>
          </params>
          <reporter-output>
          </reporter-output>
        </test-method> <!-- CreatingNewContactOnContactPage -->
        <test-method is-config="true" signature="closetheBrowser()[pri:0, instance:com.qa.testcases.ContactsPageTest@5bfa9431]" started-at="2023-12-06T18:46:34 IST" name="closetheBrowser" finished-at="2023-12-06T18:46:35 IST" duration-ms="535" status="PASS">
          <reporter-output>
          </reporter-output>
        </test-method> <!-- closetheBrowser -->
        <test-method is-config="true" signature="Setup()[pri:0, instance:com.qa.testcases.ContactsPageTest@5bfa9431]" started-at="2023-12-06T18:46:35 IST" name="Setup" finished-at="2023-12-06T18:46:49 IST" duration-ms="14852" status="PASS">
          <reporter-output>
          </reporter-output>
        </test-method> <!-- Setup -->
        <test-method signature="CreatingNewContactOnContactPage(java.lang.String,java.lang.String,java.lang.String,java.lang.String,java.lang.String,java.lang.String,java.lang.String,java.lang.String)[pri:4, instance:com.qa.testcases.ContactsPageTest@5bfa9431]" started-at="2023-12-06T18:46:49 IST" name="CreatingNewContactOnContactPage" data-provider="getTestDataFromXL" finished-at="2023-12-06T18:46:57 IST" duration-ms="8004" status="PASS">
          <params>
            <param index="0">
              <value>
                <![CDATA[mom]]>
              </value>
            </param>
            <param index="1">
              <value>
                <![CDATA[K]]>
              </value>
            </param>
            <param index="2">
              <value>
                <![CDATA[Momk@mail.com]]>
              </value>
            </param>
            <param index="3">
              <value>
                <![CDATA[Kukatpally]]>
              </value>
            </param>
            <param index="4">
              <value>
                <![CDATA[Hyderabad]]>
              </value>
            </param>
            <param index="5">
              <value>
                <![CDATA[Telanagana]]>
              </value>
            </param>
            <param index="6">
              <value>
                <![CDATA[500072]]>
              </value>
            </param>
            <param index="7">
              <value>
                <![CDATA[India]]>
              </value>
            </param>
          </params>
          <reporter-output>
          </reporter-output>
        </test-method> <!-- CreatingNewContactOnContactPage -->
        <test-method is-config="true" signature="closetheBrowser()[pri:0, instance:com.qa.testcases.ContactsPageTest@5bfa9431]" started-at="2023-12-06T18:46:57 IST" name="closetheBrowser" finished-at="2023-12-06T18:46:58 IST" duration-ms="533" status="PASS">
          <reporter-output>
          </reporter-output>
        </test-method> <!-- closetheBrowser -->
        <test-method is-config="true" signature="Setup()[pri:0, instance:com.qa.testcases.ContactsPageTest@5bfa9431]" started-at="2023-12-06T18:46:58 IST" name="Setup" finished-at="2023-12-06T18:47:12 IST" duration-ms="13918" status="PASS">
          <reporter-output>
          </reporter-output>
        </test-method> <!-- Setup -->
        <test-method signature="CreatingNewContactOnContactPage(java.lang.String,java.lang.String,java.lang.String,java.lang.String,java.lang.String,java.lang.String,java.lang.String,java.lang.String)[pri:4, instance:com.qa.testcases.ContactsPageTest@5bfa9431]" started-at="2023-12-06T18:47:12 IST" name="CreatingNewContactOnContactPage" data-provider="getTestDataFromXL" finished-at="2023-12-06T18:47:20 IST" duration-ms="8051" status="PASS">
          <params>
            <param index="0">
              <value>
                <![CDATA[chitti]]>
              </value>
            </param>
            <param index="1">
              <value>
                <![CDATA[b]]>
              </value>
            </param>
            <param index="2">
              <value>
                <![CDATA[chittib@mail.com]]>
              </value>
            </param>
            <param index="3">
              <value>
                <![CDATA[Kukatpally]]>
              </value>
            </param>
            <param index="4">
              <value>
                <![CDATA[Hyderabad]]>
              </value>
            </param>
            <param index="5">
              <value>
                <![CDATA[Telanagana]]>
              </value>
            </param>
            <param index="6">
              <value>
                <![CDATA[500072]]>
              </value>
            </param>
            <param index="7">
              <value>
                <![CDATA[India]]>
              </value>
            </param>
          </params>
          <reporter-output>
          </reporter-output>
        </test-method> <!-- CreatingNewContactOnContactPage -->
        <test-method is-config="true" signature="closetheBrowser()[pri:0, instance:com.qa.testcases.ContactsPageTest@5bfa9431]" started-at="2023-12-06T18:47:20 IST" name="closetheBrowser" finished-at="2023-12-06T18:47:20 IST" duration-ms="511" status="PASS">
          <reporter-output>
          </reporter-output>
        </test-method> <!-- closetheBrowser -->
      </class> <!-- com.qa.testcases.ContactsPageTest -->
      <class name="com.qa.testcases.HomePageTest">
        <test-method is-config="true" signature="Setup()[pri:0, instance:com.qa.testcases.HomePageTest@56de5251]" started-at="2023-12-06T18:47:20 IST" name="Setup" finished-at="2023-12-06T18:47:32 IST" duration-ms="11637" status="PASS">
          <reporter-output>
          </reporter-output>
        </test-method> <!-- Setup -->
        <test-method signature="PageTitleTest()[pri:1, instance:com.qa.testcases.HomePageTest@56de5251]" started-at="2023-12-06T18:47:32 IST" name="PageTitleTest" finished-at="2023-12-06T18:47:32 IST" duration-ms="10" status="PASS">
          <reporter-output>
          </reporter-output>
        </test-method> <!-- PageTitleTest -->
        <test-method is-config="true" signature="CloseBrowser()[pri:0, instance:com.qa.testcases.HomePageTest@56de5251]" started-at="2023-12-06T18:47:32 IST" name="CloseBrowser" finished-at="2023-12-06T18:47:35 IST" duration-ms="2688" status="PASS">
          <reporter-output>
          </reporter-output>
        </test-method> <!-- CloseBrowser -->
        <test-method is-config="true" signature="Setup()[pri:0, instance:com.qa.testcases.HomePageTest@56de5251]" started-at="2023-12-06T18:47:35 IST" name="Setup" finished-at="2023-12-06T18:47:48 IST" duration-ms="12781" status="PASS">
          <reporter-output>
          </reporter-output>
        </test-method> <!-- Setup -->
        <test-method signature="VerifyTheUsernameOnPage()[pri:2, instance:com.qa.testcases.HomePageTest@56de5251]" started-at="2023-12-06T18:47:48 IST" name="VerifyTheUsernameOnPage" finished-at="2023-12-06T18:47:50 IST" duration-ms="2284" status="PASS">
          <reporter-output>
          </reporter-output>
        </test-method> <!-- VerifyTheUsernameOnPage -->
        <test-method is-config="true" signature="CloseBrowser()[pri:0, instance:com.qa.testcases.HomePageTest@56de5251]" started-at="2023-12-06T18:47:50 IST" name="CloseBrowser" finished-at="2023-12-06T18:47:50 IST" duration-ms="252" status="PASS">
          <reporter-output>
          </reporter-output>
        </test-method> <!-- CloseBrowser -->
        <test-method is-config="true" signature="Setup()[pri:0, instance:com.qa.testcases.HomePageTest@56de5251]" started-at="2023-12-06T18:47:50 IST" name="Setup" finished-at="2023-12-06T18:48:02 IST" duration-ms="12213" status="PASS">
          <reporter-output>
          </reporter-output>
        </test-method> <!-- Setup -->
        <test-method signature="VerifyContactsPage()[pri:3, instance:com.qa.testcases.HomePageTest@56de5251]" started-at="2023-12-06T18:48:02 IST" name="VerifyContactsPage" finished-at="2023-12-06T18:48:05 IST" duration-ms="2322" status="PASS">
          <reporter-output>
          </reporter-output>
        </test-method> <!-- VerifyContactsPage -->
        <test-method is-config="true" signature="CloseBrowser()[pri:0, instance:com.qa.testcases.HomePageTest@56de5251]" started-at="2023-12-06T18:48:05 IST" name="CloseBrowser" finished-at="2023-12-06T18:48:05 IST" duration-ms="328" status="PASS">
          <reporter-output>
          </reporter-output>
        </test-method> <!-- CloseBrowser -->
      </class> <!-- com.qa.testcases.HomePageTest -->
      <class name="com.qa.testcases.LoginPageTest">
        <test-method is-config="true" signature="Setup()[pri:0, instance:com.qa.testcases.LoginPageTest@419c5f1a]" started-at="2023-12-06T18:48:05 IST" name="Setup" finished-at="2023-12-06T18:48:11 IST" duration-ms="6401" status="PASS">
          <reporter-output>
          </reporter-output>
        </test-method> <!-- Setup -->
        <test-method signature="LoginPageTitleTest()[pri:1, instance:com.qa.testcases.LoginPageTest@419c5f1a]" started-at="2023-12-06T18:48:11 IST" name="LoginPageTitleTest" finished-at="2023-12-06T18:48:11 IST" duration-ms="13" status="PASS">
          <reporter-output>
          </reporter-output>
        </test-method> <!-- LoginPageTitleTest -->
        <test-method is-config="true" signature="closeBrowser()[pri:0, instance:com.qa.testcases.LoginPageTest@419c5f1a]" started-at="2023-12-06T18:48:11 IST" name="closeBrowser" finished-at="2023-12-06T18:48:12 IST" duration-ms="314" status="PASS">
          <reporter-output>
          </reporter-output>
        </test-method> <!-- closeBrowser -->
        <test-method is-config="true" signature="Setup()[pri:0, instance:com.qa.testcases.LoginPageTest@419c5f1a]" started-at="2023-12-06T18:48:12 IST" name="Setup" finished-at="2023-12-06T18:48:18 IST" duration-ms="6712" status="PASS">
          <reporter-output>
          </reporter-output>
        </test-method> <!-- Setup -->
        <test-method signature="LoginButtonVisibilityTest()[pri:2, instance:com.qa.testcases.LoginPageTest@419c5f1a]" started-at="2023-12-06T18:48:18 IST" name="LoginButtonVisibilityTest" finished-at="2023-12-06T18:48:18 IST" duration-ms="46" status="PASS">
          <reporter-output>
          </reporter-output>
        </test-method> <!-- LoginButtonVisibilityTest -->
        <test-method is-config="true" signature="closeBrowser()[pri:0, instance:com.qa.testcases.LoginPageTest@419c5f1a]" started-at="2023-12-06T18:48:18 IST" name="closeBrowser" finished-at="2023-12-06T18:48:19 IST" duration-ms="314" status="PASS">
          <reporter-output>
          </reporter-output>
        </test-method> <!-- closeBrowser -->
        <test-method is-config="true" signature="Setup()[pri:0, instance:com.qa.testcases.LoginPageTest@419c5f1a]" started-at="2023-12-06T18:48:19 IST" name="Setup" finished-at="2023-12-06T18:48:25 IST" duration-ms="6245" status="PASS">
          <reporter-output>
          </reporter-output>
        </test-method> <!-- Setup -->
        <test-method signature="LoginTest()[pri:3, instance:com.qa.testcases.LoginPageTest@419c5f1a]" started-at="2023-12-06T18:48:25 IST" name="LoginTest" finished-at="2023-12-06T18:48:34 IST" duration-ms="9125" status="PASS">
          <reporter-output>
          </reporter-output>
        </test-method> <!-- LoginTest -->
        <test-method is-config="true" signature="closeBrowser()[pri:0, instance:com.qa.testcases.LoginPageTest@419c5f1a]" started-at="2023-12-06T18:48:34 IST" name="closeBrowser" finished-at="2023-12-06T18:48:34 IST" duration-ms="342" status="PASS">
          <reporter-output>
          </reporter-output>
        </test-method> <!-- closeBrowser -->
      </class> <!-- com.qa.testcases.LoginPageTest -->
    </test> <!-- Surefire test -->
  </suite> <!-- Surefire suite -->
</testng-results>
