<?xml version="1.0" encoding="UTF-8"?>
<testng-results ignored="0" total="12" passed="12" failed="0" skipped="0">
  <reporter-output>
  </reporter-output>
  <suite started-at="2023-12-06T17:03:26 IST" name="Page Object Model Testing Using TestNG on Free CRM site" finished-at="2023-12-06T17:06:25 IST" duration-ms="179367">
    <groups>
    </groups>
    <test started-at="2023-12-06T17:03:26 IST" name="FreeCRMTestCases" finished-at="2023-12-06T17:06:25 IST" duration-ms="179367">
      <class name="com.qa.testcases.ContactsPageTest">
        <test-method is-config="true" signature="Setup()[pri:0, instance:com.qa.testcases.ContactsPageTest@30c15d8b]" started-at="2023-12-06T17:04:36 IST" name="Setup" finished-at="2023-12-06T17:04:50 IST" duration-ms="14003" status="PASS">
          <reporter-output>
          </reporter-output>
        </test-method> <!-- Setup -->
        <test-method signature="vefiryContactsPageTitle()[pri:1, instance:com.qa.testcases.ContactsPageTest@30c15d8b]" started-at="2023-12-06T17:04:50 IST" name="vefiryContactsPageTitle" finished-at="2023-12-06T17:04:50 IST" duration-ms="41" status="PASS">
          <reporter-output>
          </reporter-output>
        </test-method> <!-- vefiryContactsPageTitle -->
        <test-method is-config="true" signature="closetheBrowser()[pri:0, instance:com.qa.testcases.ContactsPageTest@30c15d8b]" started-at="2023-12-06T17:04:50 IST" name="closetheBrowser" finished-at="2023-12-06T17:04:50 IST" duration-ms="459" status="PASS">
          <reporter-output>
          </reporter-output>
        </test-method> <!-- closetheBrowser -->
        <test-method is-config="true" signature="Setup()[pri:0, instance:com.qa.testcases.ContactsPageTest@30c15d8b]" started-at="2023-12-06T17:04:50 IST" name="Setup" finished-at="2023-12-06T17:05:04 IST" duration-ms="13649" status="PASS">
          <reporter-output>
          </reporter-output>
        </test-method> <!-- Setup -->
        <test-method signature="SelectContactByName()[pri:2, instance:com.qa.testcases.ContactsPageTest@30c15d8b]" started-at="2023-12-06T17:05:04 IST" name="SelectContactByName" finished-at="2023-12-06T17:05:05 IST" duration-ms="1109" status="PASS">
          <reporter-output>
          </reporter-output>
        </test-method> <!-- SelectContactByName -->
        <test-method is-config="true" signature="closetheBrowser()[pri:0, instance:com.qa.testcases.ContactsPageTest@30c15d8b]" started-at="2023-12-06T17:05:05 IST" name="closetheBrowser" finished-at="2023-12-06T17:05:05 IST" duration-ms="467" status="PASS">
          <reporter-output>
          </reporter-output>
        </test-method> <!-- closetheBrowser -->
        <test-method is-config="true" signature="Setup()[pri:0, instance:com.qa.testcases.ContactsPageTest@30c15d8b]" started-at="2023-12-06T17:05:05 IST" name="Setup" finished-at="2023-12-06T17:05:19 IST" duration-ms="13474" status="PASS">
          <reporter-output>
          </reporter-output>
        </test-method> <!-- Setup -->
        <test-method signature="SelectContactByAllName()[pri:3, instance:com.qa.testcases.ContactsPageTest@30c15d8b]" started-at="2023-12-06T17:05:19 IST" name="SelectContactByAllName" finished-at="2023-12-06T17:05:20 IST" duration-ms="1407" status="PASS">
          <reporter-output>
          </reporter-output>
        </test-method> <!-- SelectContactByAllName -->
        <test-method is-config="true" signature="closetheBrowser()[pri:0, instance:com.qa.testcases.ContactsPageTest@30c15d8b]" started-at="2023-12-06T17:05:20 IST" name="closetheBrowser" finished-at="2023-12-06T17:05:21 IST" duration-ms="432" status="PASS">
          <reporter-output>
          </reporter-output>
        </test-method> <!-- closetheBrowser -->
        <test-method is-config="true" signature="Setup()[pri:0, instance:com.qa.testcases.ContactsPageTest@30c15d8b]" started-at="2023-12-06T17:05:21 IST" name="Setup" finished-at="2023-12-06T17:05:35 IST" duration-ms="13407" status="PASS">
          <reporter-output>
          </reporter-output>
        </test-method> <!-- Setup -->
        <test-method signature="CreatingNewContactOnContactPage(java.lang.String,java.lang.String,java.lang.String,java.lang.String,java.lang.String,java.lang.String,java.lang.String,java.lang.String)[pri:4, instance:com.qa.testcases.ContactsPageTest@30c15d8b]" started-at="2023-12-06T17:05:35 IST" name="CreatingNewContactOnContactPage" data-provider="getTestDataFromXL" finished-at="2023-12-06T17:05:41 IST" duration-ms="6751" status="PASS">
          <params>
            <param index="0">
              <value>
                <![CDATA[Raja ]]>
              </value>
            </param>
            <param index="1">
              <value>
                <![CDATA[K]]>
              </value>
            </param>
            <param index="2">
              <value>
                <![CDATA[Rajak@mail.com]]>
              </value>
            </param>
            <param index="3">
              <value>
                <![CDATA[Kukatpally]]>
              </value>
            </param>
            <param index="4">
              <value>
                <![CDATA[Hyderabad]]>
              </value>
            </param>
            <param index="5">
              <value>
                <![CDATA[Telanagana]]>
              </value>
            </param>
            <param index="6">
              <value>
                <![CDATA[500072]]>
              </value>
            </param>
            <param index="7">
              <value>
                <![CDATA[India]]>
              </value>
            </param>
          </params>
          <reporter-output>
          </reporter-output>
        </test-method> <!-- CreatingNewContactOnContactPage -->
        <test-method is-config="true" signature="closetheBrowser()[pri:0, instance:com.qa.testcases.ContactsPageTest@30c15d8b]" started-at="2023-12-06T17:05:41 IST" name="closetheBrowser" finished-at="2023-12-06T17:05:42 IST" duration-ms="474" status="PASS">
          <reporter-output>
          </reporter-output>
        </test-method> <!-- closetheBrowser -->
        <test-method is-config="true" signature="Setup()[pri:0, instance:com.qa.testcases.ContactsPageTest@30c15d8b]" started-at="2023-12-06T17:05:42 IST" name="Setup" finished-at="2023-12-06T17:05:58 IST" duration-ms="16383" status="PASS">
          <reporter-output>
          </reporter-output>
        </test-method> <!-- Setup -->
        <test-method signature="CreatingNewContactOnContactPage(java.lang.String,java.lang.String,java.lang.String,java.lang.String,java.lang.String,java.lang.String,java.lang.String,java.lang.String)[pri:4, instance:com.qa.testcases.ContactsPageTest@30c15d8b]" started-at="2023-12-06T17:05:58 IST" name="CreatingNewContactOnContactPage" data-provider="getTestDataFromXL" finished-at="2023-12-06T17:06:05 IST" duration-ms="6450" status="PASS">
          <params>
            <param index="0">
              <value>
                <![CDATA[mom]]>
              </value>
            </param>
            <param index="1">
              <value>
                <![CDATA[K]]>
              </value>
            </param>
            <param index="2">
              <value>
                <![CDATA[Momk@mail.com]]>
              </value>
            </param>
            <param index="3">
              <value>
                <![CDATA[Kukatpally]]>
              </value>
            </param>
            <param index="4">
              <value>
                <![CDATA[Hyderabad]]>
              </value>
            </param>
            <param index="5">
              <value>
                <![CDATA[Telanagana]]>
              </value>
            </param>
            <param index="6">
              <value>
                <![CDATA[500072]]>
              </value>
            </param>
            <param index="7">
              <value>
                <![CDATA[India]]>
              </value>
            </param>
          </params>
          <reporter-output>
          </reporter-output>
        </test-method> <!-- CreatingNewContactOnContactPage -->
        <test-method is-config="true" signature="closetheBrowser()[pri:0, instance:com.qa.testcases.ContactsPageTest@30c15d8b]" started-at="2023-12-06T17:06:05 IST" name="closetheBrowser" finished-at="2023-12-06T17:06:05 IST" duration-ms="401" status="PASS">
          <reporter-output>
          </reporter-output>
        </test-method> <!-- closetheBrowser -->
        <test-method is-config="true" signature="Setup()[pri:0, instance:com.qa.testcases.ContactsPageTest@30c15d8b]" started-at="2023-12-06T17:06:05 IST" name="Setup" finished-at="2023-12-06T17:06:19 IST" duration-ms="13840" status="PASS">
          <reporter-output>
          </reporter-output>
        </test-method> <!-- Setup -->
        <test-method signature="CreatingNewContactOnContactPage(java.lang.String,java.lang.String,java.lang.String,java.lang.String,java.lang.String,java.lang.String,java.lang.String,java.lang.String)[pri:4, instance:com.qa.testcases.ContactsPageTest@30c15d8b]" started-at="2023-12-06T17:06:19 IST" name="CreatingNewContactOnContactPage" data-provider="getTestDataFromXL" finished-at="2023-12-06T17:06:25 IST" duration-ms="5880" status="PASS">
          <params>
            <param index="0">
              <value>
                <![CDATA[chitti]]>
              </value>
            </param>
            <param index="1">
              <value>
                <![CDATA[b]]>
              </value>
            </param>
            <param index="2">
              <value>
                <![CDATA[chittib@mail.com]]>
              </value>
            </param>
            <param index="3">
              <value>
                <![CDATA[Kukatpally]]>
              </value>
            </param>
            <param index="4">
              <value>
                <![CDATA[Hyderabad]]>
              </value>
            </param>
            <param index="5">
              <value>
                <![CDATA[Telanagana]]>
              </value>
            </param>
            <param index="6">
              <value>
                <![CDATA[500072]]>
              </value>
            </param>
            <param index="7">
              <value>
                <![CDATA[India]]>
              </value>
            </param>
          </params>
          <reporter-output>
          </reporter-output>
        </test-method> <!-- CreatingNewContactOnContactPage -->
        <test-method is-config="true" signature="closetheBrowser()[pri:0, instance:com.qa.testcases.ContactsPageTest@30c15d8b]" started-at="2023-12-06T17:06:25 IST" name="closetheBrowser" finished-at="2023-12-06T17:06:25 IST" duration-ms="425" status="PASS">
          <reporter-output>
          </reporter-output>
        </test-method> <!-- closetheBrowser -->
      </class> <!-- com.qa.testcases.ContactsPageTest -->
      <class name="com.qa.testcases.HomePageTest">
        <test-method is-config="true" signature="Setup()[pri:0, instance:com.qa.testcases.HomePageTest@2d3379b4]" started-at="2023-12-06T17:03:54 IST" name="Setup" finished-at="2023-12-06T17:04:05 IST" duration-ms="11269" status="PASS">
          <reporter-output>
          </reporter-output>
        </test-method> <!-- Setup -->
        <test-method signature="PageTitleTest()[pri:1, instance:com.qa.testcases.HomePageTest@2d3379b4]" started-at="2023-12-06T17:04:05 IST" name="PageTitleTest" finished-at="2023-12-06T17:04:05 IST" duration-ms="10" status="PASS">
          <reporter-output>
          </reporter-output>
        </test-method> <!-- PageTitleTest -->
        <test-method is-config="true" signature="CloseBrowser()[pri:0, instance:com.qa.testcases.HomePageTest@2d3379b4]" started-at="2023-12-06T17:04:05 IST" name="CloseBrowser" finished-at="2023-12-06T17:04:08 IST" duration-ms="2488" status="PASS">
          <reporter-output>
          </reporter-output>
        </test-method> <!-- CloseBrowser -->
        <test-method is-config="true" signature="Setup()[pri:0, instance:com.qa.testcases.HomePageTest@2d3379b4]" started-at="2023-12-06T17:04:08 IST" name="Setup" finished-at="2023-12-06T17:04:19 IST" duration-ms="11045" status="PASS">
          <reporter-output>
          </reporter-output>
        </test-method> <!-- Setup -->
        <test-method signature="VerifyTheUsernameOnPage()[pri:2, instance:com.qa.testcases.HomePageTest@2d3379b4]" started-at="2023-12-06T17:04:19 IST" name="VerifyTheUsernameOnPage" finished-at="2023-12-06T17:04:21 IST" duration-ms="2208" status="PASS">
          <reporter-output>
          </reporter-output>
        </test-method> <!-- VerifyTheUsernameOnPage -->
        <test-method is-config="true" signature="CloseBrowser()[pri:0, instance:com.qa.testcases.HomePageTest@2d3379b4]" started-at="2023-12-06T17:04:21 IST" name="CloseBrowser" finished-at="2023-12-06T17:04:21 IST" duration-ms="263" status="PASS">
          <reporter-output>
          </reporter-output>
        </test-method> <!-- CloseBrowser -->
        <test-method is-config="true" signature="Setup()[pri:0, instance:com.qa.testcases.HomePageTest@2d3379b4]" started-at="2023-12-06T17:04:21 IST" name="Setup" finished-at="2023-12-06T17:04:33 IST" duration-ms="11497" status="PASS">
          <reporter-output>
          </reporter-output>
        </test-method> <!-- Setup -->
        <test-method signature="VerifyContactsPage()[pri:3, instance:com.qa.testcases.HomePageTest@2d3379b4]" started-at="2023-12-06T17:04:33 IST" name="VerifyContactsPage" finished-at="2023-12-06T17:04:35 IST" duration-ms="2278" status="PASS">
          <reporter-output>
          </reporter-output>
        </test-method> <!-- VerifyContactsPage -->
        <test-method is-config="true" signature="CloseBrowser()[pri:0, instance:com.qa.testcases.HomePageTest@2d3379b4]" started-at="2023-12-06T17:04:35 IST" name="CloseBrowser" finished-at="2023-12-06T17:04:36 IST" duration-ms="293" status="PASS">
          <reporter-output>
          </reporter-output>
        </test-method> <!-- CloseBrowser -->
      </class> <!-- com.qa.testcases.HomePageTest -->
      <class name="com.qa.testcases.LoginPageTest">
        <test-method is-config="true" signature="Setup()[pri:0, instance:com.qa.testcases.LoginPageTest@4c371370]" started-at="2023-12-06T17:03:26 IST" name="Setup" finished-at="2023-12-06T17:03:34 IST" duration-ms="7970" status="PASS">
          <reporter-output>
          </reporter-output>
        </test-method> <!-- Setup -->
        <test-method signature="LoginPageTitleTest()[pri:1, instance:com.qa.testcases.LoginPageTest@4c371370]" started-at="2023-12-06T17:03:34 IST" name="LoginPageTitleTest" finished-at="2023-12-06T17:03:34 IST" duration-ms="16" status="PASS">
          <reporter-output>
          </reporter-output>
        </test-method> <!-- LoginPageTitleTest -->
        <test-method is-config="true" signature="closeBrowser()[pri:0, instance:com.qa.testcases.LoginPageTest@4c371370]" started-at="2023-12-06T17:03:34 IST" name="closeBrowser" finished-at="2023-12-06T17:03:34 IST" duration-ms="270" status="PASS">
          <reporter-output>
          </reporter-output>
        </test-method> <!-- closeBrowser -->
        <test-method is-config="true" signature="Setup()[pri:0, instance:com.qa.testcases.LoginPageTest@4c371370]" started-at="2023-12-06T17:03:34 IST" name="Setup" finished-at="2023-12-06T17:03:40 IST" duration-ms="5603" status="PASS">
          <reporter-output>
          </reporter-output>
        </test-method> <!-- Setup -->
        <test-method signature="LoginButtonVisibilityTest()[pri:2, instance:com.qa.testcases.LoginPageTest@4c371370]" started-at="2023-12-06T17:03:40 IST" name="LoginButtonVisibilityTest" finished-at="2023-12-06T17:03:40 IST" duration-ms="59" status="PASS">
          <reporter-output>
          </reporter-output>
        </test-method> <!-- LoginButtonVisibilityTest -->
        <test-method is-config="true" signature="closeBrowser()[pri:0, instance:com.qa.testcases.LoginPageTest@4c371370]" started-at="2023-12-06T17:03:40 IST" name="closeBrowser" finished-at="2023-12-06T17:03:40 IST" duration-ms="279" status="PASS">
          <reporter-output>
          </reporter-output>
        </test-method> <!-- closeBrowser -->
        <test-method is-config="true" signature="Setup()[pri:0, instance:com.qa.testcases.LoginPageTest@4c371370]" started-at="2023-12-06T17:03:40 IST" name="Setup" finished-at="2023-12-06T17:03:46 IST" duration-ms="5793" status="PASS">
          <reporter-output>
          </reporter-output>
        </test-method> <!-- Setup -->
        <test-method signature="LoginTest()[pri:3, instance:com.qa.testcases.LoginPageTest@4c371370]" started-at="2023-12-06T17:03:46 IST" name="LoginTest" finished-at="2023-12-06T17:03:54 IST" duration-ms="7936" status="PASS">
          <reporter-output>
          </reporter-output>
        </test-method> <!-- LoginTest -->
        <test-method is-config="true" signature="closeBrowser()[pri:0, instance:com.qa.testcases.LoginPageTest@4c371370]" started-at="2023-12-06T17:03:54 IST" name="closeBrowser" finished-at="2023-12-06T17:03:54 IST" duration-ms="278" status="PASS">
          <reporter-output>
          </reporter-output>
        </test-method> <!-- closeBrowser -->
      </class> <!-- com.qa.testcases.LoginPageTest -->
    </test> <!-- FreeCRMTestCases -->
  </suite> <!-- Page Object Model Testing Using TestNG on Free CRM site -->
</testng-results>
